<?xml version="1.0" encoding="UTF-8"?>
<!-- Generated by org.testng.reporters.JUnitReportReporter -->
<testsuite hostname="SANJANA" failures="0" tests="1" name="Basic.groups" time="0.011" errors="0" timestamp="2024-08-13T15:30:16 IST" skipped="0">
  <testcase classname="Basic.groups" name="test1" time="0.011"/>
</testsuite> <!-- Basic.groups -->
