<?xml version="1.0" encoding="UTF-8"?>
<!-- Generated by org.testng.reporters.JUnitReportReporter -->
<testsuite hostname="SANJANA" failures="0" tests="1" name="Basic.browser" time="21.972" errors="0" timestamp="2024-08-13T15:14:41 IST" skipped="0">
  <testcase classname="Basic.browser" name="run" time="21.972"/>
</testsuite> <!-- Basic.browser -->
